<?xml version="1.0" encoding="UTF-8"?>
<testsuite xmlns:xsi="http://www.w3.org/2001/XMLSchema-instance" xsi:noNamespaceSchemaLocation="https://maven.apache.org/surefire/maven-surefire-plugin/xsd/surefire-test-report-3.0.xsd" version="3.0" name="ar.edu.utn.dds.k3003.model.FachadaProcesadorTest" time="0.043" tests="7" errors="0" skipped="0" failures="0">
  <properties>
[...]
</properties>
  <testcase name="procesadorDebeObtenerEstadisticas" classname="ar.edu.utn.dds.k3003.model.FachadaProcesadorTest" time="0.019"/>
  <testcase name="procesadorNoReprocesaPdIDuplicado" classname="ar.edu.utn.dds.k3003.model.FachadaProcesadorTest" time="0.003">
    <system-out><![CDATA[ServicesClient no disponible, usando lógica de simulación
PdI procesada exitosamente: 1
ServicesClient no disponible, usando lógica de simulación
PdI ya existe, devolviendo existente: 1
]]></system-out>
  </testcase>
  <testcase name="procesarPdICorrectamente" classname="ar.edu.utn.dds.k3003.model.FachadaProcesadorTest" time="0.001">
    <system-out><![CDATA[ServicesClient no disponible, usando lógica de simulación
PdI procesada exitosamente: 1
]]></system-out>
  </testcase>
  <testcase name="procesadorManejaEntradaInvalida" classname="ar.edu.utn.dds.k3003.model.FachadaProcesadorTest" time="0.001">
    <system-out><![CDATA[PdI rechazada: contenido vacío
]]></system-out>
  </testcase>
  <testcase name="procesadorDebeRetornarPiezasDeHechoSimuladas" classname="ar.edu.utn.dds.k3003.model.FachadaProcesadorTest" time="0.001">
    <system-out><![CDATA[ServicesClient no disponible, usando lógica de simulación
PdI procesada exitosamente: 1
Obteniendo PdIs para hecho 2: 1 encontradas
Cantidad de piezas recibidas después de procesar: 1
]]></system-out>
  </testcase>
  <testcase name="procesadorDebeLimpiarDatos" classname="ar.edu.utn.dds.k3003.model.FachadaProcesadorTest" time="0.0">
    <system-out><![CDATA[ServicesClient no disponible, usando lógica de simulación
PdI procesada exitosamente: 1
Datos limpiados del procesador
]]></system-out>
  </testcase>
  <testcase name="procesadorDebeRechazarPdICuandoHechoNoActivo" classname="ar.edu.utn.dds.k3003.model.FachadaProcesadorTest" time="0.001">
    <system-out><![CDATA[PdI rechazada: contenido vacío
]]></system-out>
  </testcase>
</testsuite>